<?xml version="1.0" encoding="UTF-8"?>
<!-- Generated by org.testng.reporters.JUnitReportReporter -->
<testsuite hostname="TYSS-Piyush-Baldaniya" failures="0" tests="2" name="types_of_execution.OrgTest" time="11.870" errors="0" timestamp="2026-04-05T15:05:49 IST" skipped="1">
  <testcase classname="types_of_execution.OrgTest" name="createOrgTest" time="11.870"/>
  <testcase classname="types_of_execution.OrgTest" name="deleteOrgTest">
    <skipped/>
  </testcase> <!-- deleteOrgTest -->
</testsuite> <!-- types_of_execution.OrgTest -->
