<?xml version="1.0" encoding="UTF-8"?>
<!-- Generated by org.testng.reporters.JUnitReportReporter -->
<testsuite hostname="TYSS-Piyush-Baldaniya" failures="0" tests="3" name="work_on_advance_report.Facebook" time="26.663" errors="0" timestamp="2026-04-12T12:46:24 IST" skipped="1">
  <testcase classname="work_on_advance_report.Facebook" name="loginX" time="15.210"/>
  <testcase classname="work_on_advance_report.Facebook" name="loginInsta" time="11.453"/>
  <testcase classname="work_on_advance_report.Facebook" name="loginFB">
    <skipped/>
  </testcase> <!-- loginFB -->
</testsuite> <!-- work_on_advance_report.Facebook -->
