<?xml version="1.0" encoding="UTF-8"?>
<!-- Generated by org.testng.reporters.JUnitReportReporter -->
<testsuite hostname="TYSS-Piyush-Baldaniya" failures="0" tests="2" name="types_of_execution.OrgTest" time="11.299" errors="0" timestamp="2026-03-29T13:54:24 IST" skipped="0">
  <testcase classname="types_of_execution.OrgTest" name="createOrgTest" time="6.316"/>
  <testcase classname="types_of_execution.OrgTest" name="deleteOrgTest" time="4.983"/>
</testsuite> <!-- types_of_execution.OrgTest -->
