<?xml version="1.0" encoding="UTF-8"?>
<!-- Generated by org.testng.reporters.JUnitReportReporter -->
<testsuite hostname="TYSS-Piyush-Baldaniya" failures="0" tests="3" name="testng_extra.CoreAnnTest" time="0.010" errors="0" timestamp="2026-03-22T12:27:13 IST" skipped="0">
  <testcase classname="testng_extra.CoreAnnTest" name="modifyContactTest" time="0.001"/>
  <testcase classname="testng_extra.CoreAnnTest" name="deleteContactTest" time="0.001"/>
  <testcase classname="testng_extra.CoreAnnTest" name="createContactTest" time="0.008"/>
</testsuite> <!-- testng_extra.CoreAnnTest -->
