<?xml version="1.0" encoding="UTF-8"?>
<!-- Generated by org.testng.reporters.JUnitReportReporter -->
<testsuite hostname="TYSS-Piyush-Baldaniya" failures="0" tests="7" name="testng_extra.DemoICTest" time="32.211" errors="0" timestamp="2026-03-29T12:21:58 IST" skipped="2">
  <testcase classname="testng_extra.DemoICTest" name="createContactTest" time="6.458"/>
  <testcase classname="testng_extra.DemoICTest" name="createContactTest" time="6.493"/>
  <testcase classname="testng_extra.DemoICTest" name="createContactTest" time="6.403"/>
  <testcase classname="testng_extra.DemoICTest" name="createContactTest" time="6.413"/>
  <testcase classname="testng_extra.DemoICTest" name="createContactTest" time="6.444"/>
  <testcase classname="testng_extra.DemoICTest" name="modifyContactTest">
    <skipped/>
  </testcase> <!-- modifyContactTest -->
  <testcase classname="testng_extra.DemoICTest" name="deleteContactTest">
    <skipped/>
  </testcase> <!-- deleteContactTest -->
</testsuite> <!-- testng_extra.DemoICTest -->
