<?xml version="1.0" encoding="UTF-8"?>
<!-- Generated by org.testng.reporters.JUnitReportReporter -->
<testsuite hostname="TYSS-Piyush-Baldaniya" failures="0" tests="2" name="types_of_execution.LeadsTest" time="11.222" errors="0" timestamp="2026-03-29T13:54:24 IST" skipped="0">
  <testcase classname="types_of_execution.LeadsTest" name="createLeadsTest" time="6.179"/>
  <testcase classname="types_of_execution.LeadsTest" name="deleteLeadsTest" time="5.043"/>
</testsuite> <!-- types_of_execution.LeadsTest -->
