<?xml version="1.0" encoding="UTF-8"?>
<!-- Generated by org.testng.reporters.JUnitReportReporter -->
<testsuite hostname="TYSS-Piyush-Baldaniya" failures="0" tests="4" name="testng_extra.DemoForDPTest" time="0.024" errors="0" timestamp="2026-03-29T12:50:22 IST" skipped="0">
  <testcase classname="testng_extra.DemoForDPTest" name="fbLogin" time="0.017"/>
  <testcase classname="testng_extra.DemoForDPTest" name="fbLogin" time="0.002"/>
  <testcase classname="testng_extra.DemoForDPTest" name="fbLogin" time="0.003"/>
  <testcase classname="testng_extra.DemoForDPTest" name="fbLogin" time="0.002"/>
</testsuite> <!-- testng_extra.DemoForDPTest -->
