<?xml version="1.0" encoding="UTF-8"?>
<!-- Generated by org.testng.reporters.JUnitReportReporter -->
<testsuite hostname="TYSS-Piyush-Baldaniya" failures="0" tests="2" name="types_of_execution.OppTest" time="11.174" errors="0" timestamp="2026-03-29T13:54:24 IST" skipped="0">
  <testcase classname="types_of_execution.OppTest" name="deleteOppTest" time="4.981"/>
  <testcase classname="types_of_execution.OppTest" name="createOppTest" time="6.193"/>
</testsuite> <!-- types_of_execution.OppTest -->
