<?xml version="1.0" encoding="UTF-8"?>
<!-- Generated by org.testng.reporters.JUnitReportReporter -->
<testsuite hostname="TYSS-Piyush-Baldaniya" failures="0" tests="1" name="crm.contacts.ContactTest" time="20.669" errors="0" timestamp="2026-03-22T12:06:39 IST" skipped="0">
  <testcase classname="crm.contacts.ContactTest" name="createContactTest" time="20.669">
    <system-out>
      <![CDATA[--Contact created successfully!!!--]]>
    </system-out>
  </testcase> <!-- createContactTest -->
  <system-out>
    <![CDATA[--Contact created successfully!!!--]]>
  </system-out>
</testsuite> <!-- crm.contacts.ContactTest -->
