<?xml version="1.0" encoding="UTF-8"?>
<!-- Generated by org.testng.reporters.JUnitReportReporter -->
<testsuite hostname="TYSS-Piyush-Baldaniya" failures="0" tests="2" name="types_of_execution.LeadsTest" time="7.897" errors="0" timestamp="2026-04-05T15:05:49 IST" skipped="1">
  <testcase classname="types_of_execution.LeadsTest" name="createLeadsTest" time="7.897"/>
  <testcase classname="types_of_execution.LeadsTest" name="deleteLeadsTest">
    <skipped/>
  </testcase> <!-- deleteLeadsTest -->
</testsuite> <!-- types_of_execution.LeadsTest -->
