<?xml version="1.0" encoding="UTF-8"?>
<!-- Generated by org.testng.reporters.JUnitReportReporter -->
<testsuite hostname="TYSS-Piyush-Baldaniya" failures="0" tests="3" name="testng_extra.DemoContactTest" time="0.017" errors="0" timestamp="2026-03-22T12:38:21 IST" skipped="0">
  <testcase classname="testng_extra.DemoContactTest" name="createContactTest" time="0.012"/>
  <testcase classname="testng_extra.DemoContactTest" name="modifyContactTest" time="0.004"/>
  <testcase classname="testng_extra.DemoContactTest" name="deleteContactTest" time="0.001"/>
</testsuite> <!-- testng_extra.DemoContactTest -->
