<?xml version="1.0" encoding="UTF-8"?>
<!-- Generated by org.testng.reporters.JUnitReportReporter -->
<testsuite hostname="TYSS-Piyush-Baldaniya" failures="0" tests="2" name="types_of_execution.OppTest" time="8.054" errors="0" timestamp="2026-04-05T15:05:49 IST" skipped="1">
  <testcase classname="types_of_execution.OppTest" name="createOppTest" time="8.054"/>
  <testcase classname="types_of_execution.OppTest" name="deleteOppTest">
    <skipped/>
  </testcase> <!-- deleteOppTest -->
</testsuite> <!-- types_of_execution.OppTest -->
