<?xml version="1.0" encoding="UTF-8"?>
<!-- Generated by org.testng.reporters.JUnitXMLReporter -->
<testsuite ignored="1" hostname="TYSS-Piyush-Baldaniya" failures="0" tests="1" name="Test3" time="11.918" errors="0" timestamp="2026-04-05T15:05:49 IST">
  <testcase classname="types_of_execution.OrgTest" name="createOrgTest" time="11.87"/>
  <testcase classname="types_of_execution.OrgTest" name="deleteOrgTest" time="0.0">
    <ignored/>
  </testcase> <!-- deleteOrgTest -->
</testsuite> <!-- Test3 -->
