<?xml version="1.0" encoding="UTF-8"?>
<!-- Generated by org.testng.reporters.JUnitXMLReporter -->
<testsuite ignored="0" hostname="TYSS-Piyush-Baldaniya" failures="0" tests="8" name="Test" time="25.962" errors="0" timestamp="2026-03-29T13:50:25 IST">
  <testcase classname="types_of_execution.OppTest" name="createOppTest" time="4.383"/>
  <testcase classname="types_of_execution.OppTest" name="deleteOppTest" time="3.02"/>
  <testcase classname="types_of_execution.ContactTest" name="createContactTest" time="3.04"/>
  <testcase classname="types_of_execution.ContactTest" name="deleteContactTest" time="3.142"/>
  <testcase classname="types_of_execution.OrgTest" name="createOrgTest" time="3.023"/>
  <testcase classname="types_of_execution.OrgTest" name="deleteOrgTest" time="3.09"/>
  <testcase classname="types_of_execution.LeadsTest" name="createLeadsTest" time="3.056"/>
  <testcase classname="types_of_execution.LeadsTest" name="deleteLeadsTest" time="3.13"/>
</testsuite> <!-- Test -->
