<?xml version="1.0" encoding="UTF-8"?>
<!-- Generated by org.testng.reporters.JUnitXMLReporter -->
<testsuite ignored="1" hostname="TYSS-Piyush-Baldaniya" failures="0" tests="1" name="Test1" time="8.105" errors="0" timestamp="2026-04-05T15:05:46 IST">
  <testcase classname="types_of_execution.OppTest" name="createOppTest" time="8.054"/>
  <testcase classname="types_of_execution.OppTest" name="deleteOppTest" time="0.0">
    <ignored/>
  </testcase> <!-- deleteOppTest -->
</testsuite> <!-- Test1 -->
