<?xml version="1.0" encoding="UTF-8"?>
<!-- Generated by org.testng.reporters.JUnitXMLReporter -->
<testsuite ignored="1" hostname="TYSS-Piyush-Baldaniya" failures="0" tests="1" name="Test2" time="7.958" errors="0" timestamp="2026-04-05T15:05:45 IST">
  <testcase classname="types_of_execution.LeadsTest" name="createLeadsTest" time="7.897"/>
  <testcase classname="types_of_execution.LeadsTest" name="deleteLeadsTest" time="0.0">
    <ignored/>
  </testcase> <!-- deleteLeadsTest -->
</testsuite> <!-- Test2 -->
