<?xml version="1.0" encoding="UTF-8"?>
<!-- Generated by org.testng.reporters.JUnitXMLReporter -->
<testsuite ignored="1" hostname="TYSS-Piyush-Baldaniya" failures="1" tests="1" name="thread2" time="0.054" errors="0" timestamp="2026-04-05T14:53:45 IST">
  <testcase classname="types_of_execution.ContactTest" name="createContactTest" time="0.0">
    <failure type="org.testng.TestNGException" message="
Parameter &amp;apos;bro&amp;apos; is required by @Test on method createContactTest but has not been marked @Optional or defined
in C:\Users\User\git\m6_weekend_crm\vtiger-crm-pro-m6\distributed_parallel.xml">
      <![CDATA[org.testng.TestNGException: 
Parameter 'bro' is required by @Test on method createContactTest but has not been marked @Optional or defined
in C:\Users\User\git\m6_weekend_crm\vtiger-crm-pro-m6\distributed_parallel.xml
at java.base/java.util.ArrayList.forEach(ArrayList.java:1597)
at java.base/java.util.concurrent.FutureTask.run(FutureTask.java:317)
at java.base/java.util.concurrent.ThreadPoolExecutor.runWorker(ThreadPoolExecutor.java:1144)
at java.base/java.util.concurrent.ThreadPoolExecutor$Worker.run(ThreadPoolExecutor.java:642)
at java.base/java.lang.Thread.run(Thread.java:1570)
... Removed 16 stack frames]]>
    </failure>
  </testcase> <!-- createContactTest -->
  <testcase classname="types_of_execution.ContactTest" name="deleteContactTest" time="0.0">
    <ignored/>
  </testcase> <!-- deleteContactTest -->
</testsuite> <!-- thread2 -->
