<?xml version="1.0" encoding="UTF-8"?>
<!-- Generated by org.testng.reporters.JUnitXMLReporter -->
<testsuite ignored="0" hostname="TYSS-Piyush-Baldaniya" failures="0" tests="3" name="Default test" time="0.073" errors="0" timestamp="2026-03-22T12:38:21 IST">
  <testcase classname="testng_extra.DemoContactTest" name="createContactTest" time="0.012"/>
  <testcase classname="testng_extra.DemoContactTest" name="modifyContactTest" time="0.004"/>
  <testcase classname="testng_extra.DemoContactTest" name="deleteContactTest" time="0.001"/>
</testsuite> <!-- Default test -->
