<?xml version="1.0" encoding="UTF-8"?>
<!-- Generated by org.testng.reporters.JUnitXMLReporter -->
<testsuite ignored="1" hostname="TYSS-Piyush-Baldaniya" failures="0" tests="2" name="Default test" time="28.273" errors="0" timestamp="2026-04-12T12:46:24 IST">
  <testcase classname="work_on_advance_report.Facebook" name="loginInsta" time="4.43"/>
  <testcase classname="work_on_advance_report.Facebook" name="loginX" time="8.074"/>
  <testcase classname="work_on_advance_report.Facebook" name="loginFB" time="0.0">
    <ignored/>
  </testcase> <!-- loginFB -->
</testsuite> <!-- Default test -->
