<?xml version="1.0" encoding="UTF-8"?>
<testng-results ignored="0" total="3" passed="3" failed="0" skipped="0">
  <reporter-output>
  </reporter-output>
  <suite started-at="2026-03-22T12:38:21 IST" name="Default suite" finished-at="2026-03-22T12:38:21 IST" duration-ms="73">
    <groups>
    </groups>
    <test started-at="2026-03-22T12:38:21 IST" name="Default test" finished-at="2026-03-22T12:38:21 IST" duration-ms="73">
      <class name="testng_extra.DemoContactTest">
        <test-method signature="createContactTest()[pri:-1, instance:testng_extra.DemoContactTest@4afcd809]" started-at="2026-03-22T12:38:21 IST" name="createContactTest" finished-at="2026-03-22T12:38:21 IST" duration-ms="12" status="PASS">
          <reporter-output>
          </reporter-output>
        </test-method> <!-- createContactTest -->
        <test-method signature="modifyContactTest()[pri:0, instance:testng_extra.DemoContactTest@4afcd809]" started-at="2026-03-22T12:38:21 IST" name="modifyContactTest" finished-at="2026-03-22T12:38:21 IST" duration-ms="4" status="PASS">
          <reporter-output>
          </reporter-output>
        </test-method> <!-- modifyContactTest -->
        <test-method signature="deleteContactTest()[pri:1, instance:testng_extra.DemoContactTest@4afcd809]" started-at="2026-03-22T12:38:21 IST" name="deleteContactTest" finished-at="2026-03-22T12:38:21 IST" duration-ms="1" status="PASS">
          <reporter-output>
          </reporter-output>
        </test-method> <!-- deleteContactTest -->
      </class> <!-- testng_extra.DemoContactTest -->
    </test> <!-- Default test -->
  </suite> <!-- Default suite -->
</testng-results>
