<?xml version="1.0" encoding="UTF-8"?>
<testng-results ignored="0" total="8" passed="8" failed="0" skipped="0">
  <reporter-output>
  </reporter-output>
  <suite started-at="2026-03-29T13:54:12 IST" name="Suite" finished-at="2026-03-29T13:54:24 IST" duration-ms="11367">
    <groups>
      <group name="create">
        <method signature="OppTest.createOppTest()[pri:0, instance:types_of_execution.OppTest@765d7657]" name="createOppTest" class="types_of_execution.OppTest"/>
        <method signature="ContactTest.createContactTest()[pri:0, instance:types_of_execution.ContactTest@b2c9a9c]" name="createContactTest" class="types_of_execution.ContactTest"/>
        <method signature="OrgTest.createOrgTest()[pri:0, instance:types_of_execution.OrgTest@247bddad]" name="createOrgTest" class="types_of_execution.OrgTest"/>
        <method signature="LeadsTest.createLeadsTest()[pri:0, instance:types_of_execution.LeadsTest@41a2befb]" name="createLeadsTest" class="types_of_execution.LeadsTest"/>
      </group> <!-- create -->
    </groups>
    <test started-at="2026-03-29T13:54:12 IST" name="thread2" finished-at="2026-03-29T13:54:24 IST" duration-ms="11272">
      <class name="types_of_execution.ContactTest">
        <test-method signature="createContactTest()[pri:0, instance:types_of_execution.ContactTest@b2c9a9c]" started-at="2026-03-29T13:54:12 IST" name="createContactTest" finished-at="2026-03-29T13:54:19 IST" duration-ms="6225" status="PASS">
          <reporter-output>
          </reporter-output>
        </test-method> <!-- createContactTest -->
        <test-method signature="deleteContactTest()[pri:0, instance:types_of_execution.ContactTest@b2c9a9c]" started-at="2026-03-29T13:54:19 IST" name="deleteContactTest" finished-at="2026-03-29T13:54:24 IST" duration-ms="4980" status="PASS">
          <reporter-output>
          </reporter-output>
        </test-method> <!-- deleteContactTest -->
      </class> <!-- types_of_execution.ContactTest -->
    </test> <!-- thread2 -->
    <test started-at="2026-03-29T13:54:12 IST" name="thread1" finished-at="2026-03-29T13:54:24 IST" duration-ms="11243">
      <class name="types_of_execution.OppTest">
        <test-method signature="createOppTest()[pri:0, instance:types_of_execution.OppTest@765d7657]" started-at="2026-03-29T13:54:12 IST" name="createOppTest" finished-at="2026-03-29T13:54:19 IST" duration-ms="6193" status="PASS">
          <reporter-output>
          </reporter-output>
        </test-method> <!-- createOppTest -->
        <test-method signature="deleteOppTest()[pri:0, instance:types_of_execution.OppTest@765d7657]" started-at="2026-03-29T13:54:19 IST" name="deleteOppTest" finished-at="2026-03-29T13:54:24 IST" duration-ms="4981" status="PASS">
          <reporter-output>
          </reporter-output>
        </test-method> <!-- deleteOppTest -->
      </class> <!-- types_of_execution.OppTest -->
    </test> <!-- thread1 -->
    <test started-at="2026-03-29T13:54:12 IST" name="thread4" finished-at="2026-03-29T13:54:24 IST" duration-ms="11293">
      <class name="types_of_execution.LeadsTest">
        <test-method signature="createLeadsTest()[pri:0, instance:types_of_execution.LeadsTest@41a2befb]" started-at="2026-03-29T13:54:12 IST" name="createLeadsTest" finished-at="2026-03-29T13:54:19 IST" duration-ms="6179" status="PASS">
          <reporter-output>
          </reporter-output>
        </test-method> <!-- createLeadsTest -->
        <test-method signature="deleteLeadsTest()[pri:0, instance:types_of_execution.LeadsTest@41a2befb]" started-at="2026-03-29T13:54:19 IST" name="deleteLeadsTest" finished-at="2026-03-29T13:54:24 IST" duration-ms="5043" status="PASS">
          <reporter-output>
          </reporter-output>
        </test-method> <!-- deleteLeadsTest -->
      </class> <!-- types_of_execution.LeadsTest -->
    </test> <!-- thread4 -->
    <test started-at="2026-03-29T13:54:12 IST" name="thread3" finished-at="2026-03-29T13:54:24 IST" duration-ms="11367">
      <class name="types_of_execution.OrgTest">
        <test-method signature="createOrgTest()[pri:0, instance:types_of_execution.OrgTest@247bddad]" started-at="2026-03-29T13:54:12 IST" name="createOrgTest" finished-at="2026-03-29T13:54:19 IST" duration-ms="6316" status="PASS">
          <reporter-output>
          </reporter-output>
        </test-method> <!-- createOrgTest -->
        <test-method signature="deleteOrgTest()[pri:0, instance:types_of_execution.OrgTest@247bddad]" started-at="2026-03-29T13:54:19 IST" name="deleteOrgTest" finished-at="2026-03-29T13:54:24 IST" duration-ms="4983" status="PASS">
          <reporter-output>
          </reporter-output>
        </test-method> <!-- deleteOrgTest -->
      </class> <!-- types_of_execution.OrgTest -->
    </test> <!-- thread3 -->
  </suite> <!-- Suite -->
</testng-results>
